# JRE version: OpenJDK Runtime Environment (17.0.7) (build 17.0.7+0-b2043.56-10550314)
# Java VM: OpenJDK 64-Bit Server VM (17.0.7+0-b2043.56-10550314, mixed mode, tiered, compressed oops, compressed class ptrs, g1 gc, windows-amd64)
GC Precious Log:
 CPUs: 4 total, 4 available
 Memory: 8071M
 Large Page Support: Disabled
 NUMA Support: Disabled
 Compressed Oops: Enabled (32-bit)
 Heap Region Size: 1M
 Heap Min Capacity: 8M
 Heap Initial Capacity: 128M
 Heap Max Capacity: 2018M
 Pre-touch: Disabled
 Parallel Workers: 4
 Concurrent Workers: 1
 Concurrent Refinement Workers: 4
 Periodic GC: Disabled
Heap:
 garbage-first heap   total 103424K, used 68021K [0x0000000081e00000, 0x0000000100000000)
  region size 1024K, 23 young (23552K), 2 survivors (2048K)
 Metaspace       used 63048K, committed 63360K, reserved 1114112K
  class space    used 7662K, committed 7808K, reserved 1048576K
GC Heap History (20 events):
Event: 2.150 GC heap before
{Heap before GC invocations=8 (full 0):
 garbage-first heap   total 51200K, used 21783K [0x0000000081e00000, 0x0000000100000000)
  region size 1024K, 6 young (6144K), 2 survivors (2048K)
 Metaspace       used 35754K, committed 35968K, reserved 1114112K
  class space    used 4600K, committed 4736K, reserved 1048576K
}
Event: 2.152 GC heap after
{Heap after GC invocations=9 (full 0):
 garbage-first heap   total 51200K, used 19032K [0x0000000081e00000, 0x0000000100000000)
  region size 1024K, 2 young (2048K), 2 survivors (2048K)
 Metaspace       used 35754K, committed 35968K, reserved 1114112K
  class space    used 4600K, committed 4736K, reserved 1048576K
}
Event: 2.451 GC heap before
{Heap before GC invocations=10 (full 0):
 garbage-first heap   total 51200K, used 36440K [0x0000000081e00000, 0x0000000100000000)
  region size 1024K, 20 young (20480K), 2 survivors (2048K)
 Metaspace       used 39340K, committed 39552K, reserved 1114112K
  class space    used 4946K, committed 5056K, reserved 1048576K
}
Event: 2.455 GC heap after
{Heap after GC invocations=11 (full 0):
 garbage-first heap   total 51200K, used 21051K [0x0000000081e00000, 0x0000000100000000)
  region size 1024K, 3 young (3072K), 3 survivors (3072K)
 Metaspace       used 39340K, committed 39552K, reserved 1114112K
  class space    used 4946K, committed 5056K, reserved 1048576K
}
Event: 2.467 GC heap before
{Heap before GC invocations=11 (full 0):
 garbage-first heap   total 51200K, used 21051K [0x0000000081e00000, 0x0000000100000000)
  region size 1024K, 4 young (4096K), 3 survivors (3072K)
 Metaspace       used 39540K, committed 39744K, reserved 1114112K
  class space    used 4961K, committed 5056K, reserved 1048576K
}
Event: 2.470 GC heap after
{Heap after GC invocations=12 (full 0):
 garbage-first heap   total 51200K, used 20634K [0x0000000081e00000, 0x0000000100000000)
  region size 1024K, 1 young (1024K), 1 survivors (1024K)
 Metaspace       used 39540K, committed 39744K, reserved 1114112K
  class space    used 4961K, committed 5056K, reserved 1048576K
}
Event: 2.731 GC heap before
{Heap before GC invocations=12 (full 0):
 garbage-first heap   total 51200K, used 38042K [0x0000000081e00000, 0x0000000100000000)
  region size 1024K, 18 young (18432K), 1 survivors (1024K)
 Metaspace       used 43613K, committed 43840K, reserved 1114112K
  class space    used 5399K, committed 5504K, reserved 1048576K
}
Event: 2.734 GC heap after
{Heap after GC invocations=13 (full 0):
 garbage-first heap   total 51200K, used 21598K [0x0000000081e00000, 0x0000000100000000)
  region size 1024K, 2 young (2048K), 2 survivors (2048K)
 Metaspace       used 43613K, committed 43840K, reserved 1114112K
  class space    used 5399K, committed 5504K, reserved 1048576K
}
Event: 3.215 GC heap before
{Heap before GC invocations=13 (full 0):
 garbage-first heap   total 51200K, used 41054K [0x0000000081e00000, 0x0000000100000000)
  region size 1024K, 19 young (19456K), 2 survivors (2048K)
 Metaspace       used 47519K, committed 47744K, reserved 1114112K
  class space    used 5848K, committed 5952K, reserved 1048576K
}
Event: 3.221 GC heap after
{Heap after GC invocations=14 (full 0):
 garbage-first heap   total 86016K, used 25872K [0x0000000081e00000, 0x0000000100000000)
  region size 1024K, 3 young (3072K), 3 survivors (3072K)
 Metaspace       used 47519K, committed 47744K, reserved 1114112K
  class space    used 5848K, committed 5952K, reserved 1048576K
}
Event: 3.638 GC heap before
{Heap before GC invocations=14 (full 0):
 garbage-first heap   total 86016K, used 62736K [0x0000000081e00000, 0x0000000100000000)
  region size 1024K, 38 young (38912K), 3 survivors (3072K)
 Metaspace       used 51051K, committed 51264K, reserved 1114112K
  class space    used 6252K, committed 6336K, reserved 1048576K
}
Event: 3.650 GC heap after
{Heap after GC invocations=15 (full 0):
 garbage-first heap   total 86016K, used 30660K [0x0000000081e00000, 0x0000000100000000)
  region size 1024K, 5 young (5120K), 5 survivors (5120K)
 Metaspace       used 51051K, committed 51264K, reserved 1114112K
  class space    used 6252K, committed 6336K, reserved 1048576K
}
Event: 4.045 GC heap before
{Heap before GC invocations=15 (full 0):
 garbage-first heap   total 86016K, used 62404K [0x0000000081e00000, 0x0000000100000000)
  region size 1024K, 36 young (36864K), 5 survivors (5120K)
 Metaspace       used 54187K, committed 54464K, reserved 1114112K
  class space    used 6599K, committed 6720K, reserved 1048576K
}
Event: 4.055 GC heap after
{Heap after GC invocations=16 (full 0):
 garbage-first heap   total 86016K, used 33749K [0x0000000081e00000, 0x0000000100000000)
  region size 1024K, 3 young (3072K), 3 survivors (3072K)
 Metaspace       used 54187K, committed 54464K, reserved 1114112K
  class space    used 6599K, committed 6720K, reserved 1048576K
}
Event: 5.631 GC heap before
{Heap before GC invocations=16 (full 0):
 garbage-first heap   total 86016K, used 64469K [0x0000000081e00000, 0x0000000100000000)
  region size 1024K, 33 young (33792K), 3 survivors (3072K)
 Metaspace       used 56628K, committed 56832K, reserved 1114112K
  class space    used 6770K, committed 6848K, reserved 1048576K
}
Event: 5.644 GC heap after
{Heap after GC invocations=17 (full 0):
 garbage-first heap   total 86016K, used 39681K [0x0000000081e00000, 0x0000000100000000)
  region size 1024K, 5 young (5120K), 5 survivors (5120K)
 Metaspace       used 56628K, committed 56832K, reserved 1114112K
  class space    used 6770K, committed 6848K, reserved 1048576K
}
Event: 6.115 GC heap before
{Heap before GC invocations=17 (full 0):
 garbage-first heap   total 86016K, used 64257K [0x0000000081e00000, 0x0000000100000000)
  region size 1024K, 30 young (30720K), 5 survivors (5120K)
 Metaspace       used 57798K, committed 58112K, reserved 1114112K
  class space    used 6910K, committed 7040K, reserved 1048576K
}
Event: 6.130 GC heap after
{Heap after GC invocations=18 (full 0):
 garbage-first heap   total 86016K, used 44652K [0x0000000081e00000, 0x0000000100000000)
  region size 1024K, 4 young (4096K), 4 survivors (4096K)
 Metaspace       used 57798K, committed 58112K, reserved 1114112K
  class space    used 6910K, committed 7040K, reserved 1048576K
}
Event: 6.506 GC heap before
{Heap before GC invocations=18 (full 0):
 garbage-first heap   total 86016K, used 66156K [0x0000000081e00000, 0x0000000100000000)
  region size 1024K, 25 young (25600K), 4 survivors (4096K)
 Metaspace       used 59450K, committed 59776K, reserved 1114112K
  class space    used 7162K, committed 7296K, reserved 1048576K
}
Event: 6.518 GC heap after
{Heap after GC invocations=19 (full 0):
 garbage-first heap   total 103424K, used 47541K [0x0000000081e00000, 0x0000000100000000)
  region size 1024K, 2 young (2048K), 2 survivors (2048K)
 Metaspace       used 59450K, committed 59776K, reserved 1114112K
  class space    used 7162K, committed 7296K, reserved 1048576K
}

